<?xml version="1.0" encoding="UTF-8"?>
<!-- Generated by org.testng.reporters.JUnitReportReporter -->
<testsuite hostname="EPINHYDW022A" failures="0" tests="3" name="com.practice.test.Rough" time="0.008" errors="0" timestamp="2022-01-31T14:03:02 IST" skipped="0">
  <testcase classname="com.practice.test.Rough" name="ourFunc" time="0.001"/>
  <system-out/>
  <testcase classname="com.practice.test.Rough" name="ourFunc" time="0.001"/>
  <system-out/>
  <testcase classname="com.practice.test.Rough" name="getDataFromParameters" time="0.006"/>
  <system-out/>
</testsuite> <!-- com.practice.test.Rough -->
