<?xml version="1.0" encoding="UTF-8"?>
<!-- Generated by org.testng.reporters.JUnitReportReporter -->
<testsuite hostname="EPINHYDW022A" failures="0" tests="2" name="com.practice.paralleltesting.Parallel" time="4.030" errors="0" timestamp="2022-01-31T14:48:58 IST" skipped="0">
  <testcase classname="com.practice.paralleltesting.Parallel" name="doLoginParallel" time="2.026"/>
  <system-out/>
  <testcase classname="com.practice.paralleltesting.Parallel" name="doLoginParallel" time="2.004"/>
  <system-out/>
</testsuite> <!-- com.practice.paralleltesting.Parallel -->
