<?xml version="1.0" encoding="UTF-8"?>
<!-- Generated by org.testng.reporters.JUnitReportReporter -->
<testsuite hostname="EPINHYDW022A" failures="0" tests="2" name="com.practice.paralleltesting.Parallel" time="4.036" errors="0" timestamp="2022-01-31T17:43:03 IST" skipped="0">
  <testcase classname="com.practice.paralleltesting.Parallel" name="doLoginParallel" time="2.005"/>
  <system-out/>
  <testcase classname="com.practice.paralleltesting.Parallel" name="doLoginParallel" time="2.031"/>
  <system-out/>
</testsuite> <!-- com.practice.paralleltesting.Parallel -->
